#
# There is insufficient memory for the Java Runtime Environment to continue.
# Native memory allocation (mmap) failed to map 130023424 bytes for G1 virtual space
# Possible reasons:
#   The system is out of physical RAM or swap space
#   The process is running with CompressedOops enabled, and the Java Heap may be blocking the growth of the native heap
# Possible solutions:
#   Reduce memory load on the system
#   Increase physical memory or swap space
#   Check if swap backing store is full
#   Decrease Java heap size (-Xmx/-Xms)
#   Decrease number of Java threads
#   Decrease Java thread stack sizes (-Xss)
#   Set larger code cache with -XX:ReservedCodeCacheSize=
#   JVM is running with Unscaled Compressed Oops mode in which the Java heap is
#     placed in the first 4GB address space. The Java Heap base address is the
#     maximum limit for the native heap growth. Please use -XX:HeapBaseMinAddress
#     to set the Java Heap base and to place the Java Heap above 4GB virtual address.
# This output file may be truncated or incomplete.
#
#  Out of Memory Error (os_windows.cpp:3825), pid=26420, tid=35976
#
# JRE version:  (17.0.9+7) (build )
# Java VM: OpenJDK 64-Bit Server VM (17.0.9+7-b1000.46, mixed mode, sharing, tiered, compressed oops, compressed class ptrs, g1 gc, windows-amd64)
# No core dump will be written. Minidumps are not enabled by default on client versions of Windows
#

---------------  S U M M A R Y ------------

Command Line: git4idea.http.GitAskPassApp Username for 'http://120.232.233.58:7002': 

Host: 11th Gen Intel(R) Core(TM) i5-1135G7 @ 2.40GHz, 8 cores, 7G,  Windows 10 , 64 bit Build 19041 (10.0.19041.3155)
Time: Sun Dec 31 00:40:19 2023  Windows 10 , 64 bit Build 19041 (10.0.19041.3155) elapsed time: 0.030404 seconds (0d 0h 0m 0s)

---------------  T H R E A D  ---------------

Current thread (0x000001f5095dff10):  JavaThread "Unknown thread" [_thread_in_vm, id=35976, stack(0x000000bd3b400000,0x000000bd3b500000)]

Stack: [0x000000bd3b400000,0x000000bd3b500000]
Native frames: (J=compiled Java code, j=interpreted, Vv=VM code, C=native code)
V  [jvm.dll+0x6886e9]
V  [jvm.dll+0x841e4a]
V  [jvm.dll+0x843a8e]
V  [jvm.dll+0x8440f3]
V  [jvm.dll+0x24c14f]
V  [jvm.dll+0x685499]
V  [jvm.dll+0x679c2a]
V  [jvm.dll+0x30cf9b]
V  [jvm.dll+0x314446]
V  [jvm.dll+0x36425e]
V  [jvm.dll+0x36448f]
V  [jvm.dll+0x2e2d68]
V  [jvm.dll+0x2e3cd4]
V  [jvm.dll+0x8129f1]
V  [jvm.dll+0x3720c1]
V  [jvm.dll+0x7f152c]
V  [jvm.dll+0x3f5d4f]
V  [jvm.dll+0x3f7981]
C  [jli.dll+0x528f]
C  [ucrtbase.dll+0x21bb2]
C  [KERNEL32.DLL+0x17614]
C  [ntdll.dll+0x526b1]


---------------  P R O C E S S  ---------------

Threads class SMR info:
_java_thread_list=0x00007fff8e55ef18, length=0, elements={
}

Java Threads: ( => current thread )

Other Threads:
  0x000001f509639090 GCTaskThread "GC Thread#0" [stack: 0x000000bd3b500000,0x000000bd3b600000] [id=28196]
  0x000001f509649fb0 ConcurrentGCThread "G1 Main Marker" [stack: 0x000000bd3b600000,0x000000bd3b700000] [id=33628]
  0x000001f50964a9d0 ConcurrentGCThread "G1 Conc#0" [stack: 0x000000bd3b700000,0x000000bd3b800000] [id=37020]

[error occurred during error reporting (printing all threads), id 0xc0000005, EXCEPTION_ACCESS_VIOLATION (0xc0000005) at pc=0x00007fff8dd13937]

VM state: not at safepoint (not fully initialized)

VM Mutex/Monitor currently owned by a thread:  ([mutex/lock_event])
[0x000001f5095dbd60] Heap_lock - owner thread: 0x000001f5095dff10

Heap address: 0x0000000084200000, size: 1982 MB, Compressed Oops mode: 32-bit

CDS archive(s) mapped at: [0x0000000000000000-0x0000000000000000-0x0000000000000000), size 0, SharedBaseAddress: 0x0000000800000000, ArchiveRelocationMode: 1.
Narrow klass base: 0x0000000000000000, Narrow klass shift: 0, Narrow klass range: 0x0

GC Precious Log:
<Empty>

Heap:
 garbage-first heap   total 0K, used 0K [0x0000000084200000, 0x0000000100000000)
  region size 1024K, 0 young (0K), 0 survivors (0K)
 Metaspace       used 0K, committed 0K, reserved 0K
  class space    used 0K, committed 0K, reserved 0K

Heap Regions: E=young(eden), S=young(survivor), O=old, HS=humongous(starts), HC=humongous(continues), CS=collection set, F=free, OA=open archive, CA=closed archive, TAMS=top-at-mark-start (previous, next)

Card table byte_map: [0x000001f51c470000,0x000001f51c850000] _byte_map_base: 0x000001f51c04f000

Marking Bits (Prev, Next): (CMBitMap*) 0x000001f5096396b0, (CMBitMap*) 0x000001f5096396f0
 Prev Bits: [0x000001f51cc30000, 0x000001f51eb28000)
 Next Bits: [0x000001f51eb30000, 0x000001f520a28000)

GC Heap History (0 events):
No events

Dll operation events (1 events):
Event: 0.016 Loaded shared library C:\Program Files\JetBrains\IntelliJ IDEA 2023.2.5\jbr\bin\java.dll

Deoptimization events (0 events):
No events

Classes unloaded (0 events):
No events

Classes redefined (0 events):
No events

Internal exceptions (0 events):
No events

VM Operations (0 events):
No events

Events (0 events):
No events


Dynamic libraries:
0x00007ff63e990000 - 0x00007ff63e99a000 	C:\Program Files\JetBrains\IntelliJ IDEA 2023.2.5\jbr\bin\java.exe
0x00007ff872b10000 - 0x00007ff872d08000 	C:\WINDOWS\SYSTEM32\ntdll.dll
0x00007ff871310000 - 0x00007ff8713cf000 	C:\WINDOWS\System32\KERNEL32.DLL
0x00007ff870540000 - 0x00007ff870836000 	C:\WINDOWS\System32\KERNELBASE.dll
0x00007ff8702b0000 - 0x00007ff8703b0000 	C:\WINDOWS\System32\ucrtbase.dll
0x00007ff848b60000 - 0x00007ff848b77000 	C:\Program Files\JetBrains\IntelliJ IDEA 2023.2.5\jbr\bin\jli.dll
0x00007ff844da0000 - 0x00007ff844dbb000 	C:\Program Files\JetBrains\IntelliJ IDEA 2023.2.5\jbr\bin\VCRUNTIME140.dll
0x00007ff871f90000 - 0x00007ff87212d000 	C:\WINDOWS\System32\USER32.dll
0x00007ff8709e0000 - 0x00007ff870a02000 	C:\WINDOWS\System32\win32u.dll
0x00007ff871210000 - 0x00007ff87123c000 	C:\WINDOWS\System32\GDI32.dll
0x00007ff84eb20000 - 0x00007ff84edba000 	C:\WINDOWS\WinSxS\amd64_microsoft.windows.common-controls_6595b64144ccf1df_6.0.19041.1110_none_60b5254171f9507e\COMCTL32.dll
0x00007ff8703b0000 - 0x00007ff8704c5000 	C:\WINDOWS\System32\gdi32full.dll
0x00007ff870c00000 - 0x00007ff870c9e000 	C:\WINDOWS\System32\msvcrt.dll
0x00007ff870840000 - 0x00007ff8708dd000 	C:\WINDOWS\System32\msvcp_win.dll
0x00007ff871d30000 - 0x00007ff871d60000 	C:\WINDOWS\System32\IMM32.DLL
0x00007ff8669a0000 - 0x00007ff8669ac000 	C:\Program Files\JetBrains\IntelliJ IDEA 2023.2.5\jbr\bin\vcruntime140_1.dll
0x00007ff83bae0000 - 0x00007ff83bb6d000 	C:\Program Files\JetBrains\IntelliJ IDEA 2023.2.5\jbr\bin\msvcp140.dll
0x00007fff8da20000 - 0x00007fff8e6a3000 	C:\Program Files\JetBrains\IntelliJ IDEA 2023.2.5\jbr\bin\server\jvm.dll
0x00007ff872490000 - 0x00007ff87253f000 	C:\WINDOWS\System32\ADVAPI32.dll
0x00007ff872340000 - 0x00007ff8723dc000 	C:\WINDOWS\System32\sechost.dll
0x00007ff871c00000 - 0x00007ff871d26000 	C:\WINDOWS\System32\RPCRT4.dll
0x00007ff861540000 - 0x00007ff861567000 	C:\WINDOWS\SYSTEM32\WINMM.dll
0x00007ff8667d0000 - 0x00007ff8667da000 	C:\WINDOWS\SYSTEM32\VERSION.dll
0x00007ff86d3b0000 - 0x00007ff86d3b9000 	C:\WINDOWS\SYSTEM32\WSOCK32.dll
0x00007ff86fb30000 - 0x00007ff86fb7b000 	C:\WINDOWS\SYSTEM32\POWRPROF.dll
0x00007ff872540000 - 0x00007ff8725ab000 	C:\WINDOWS\System32\WS2_32.dll
0x00007ff86fb10000 - 0x00007ff86fb22000 	C:\WINDOWS\SYSTEM32\UMPDC.dll
0x00007ff86e9e0000 - 0x00007ff86e9f2000 	C:\WINDOWS\SYSTEM32\kernel.appcore.dll
0x00007ff84e8b0000 - 0x00007ff84e8ba000 	C:\Program Files\JetBrains\IntelliJ IDEA 2023.2.5\jbr\bin\jimage.dll
0x00007ff86ddf0000 - 0x00007ff86dfd4000 	C:\WINDOWS\SYSTEM32\DBGHELP.DLL
0x00007ff84b620000 - 0x00007ff84b654000 	C:\WINDOWS\SYSTEM32\dbgcore.DLL
0x00007ff8701f0000 - 0x00007ff870272000 	C:\WINDOWS\System32\bcryptPrimitives.dll
0x00007ff84c880000 - 0x00007ff84c8a5000 	C:\Program Files\JetBrains\IntelliJ IDEA 2023.2.5\jbr\bin\java.dll

dbghelp: loaded successfully - version: 4.0.5 - missing functions: none
symbol engine: initialized successfully - sym options: 0x614 - pdb path: .;C:\Program Files\JetBrains\IntelliJ IDEA 2023.2.5\jbr\bin;C:\WINDOWS\SYSTEM32;C:\WINDOWS\WinSxS\amd64_microsoft.windows.common-controls_6595b64144ccf1df_6.0.19041.1110_none_60b5254171f9507e;C:\Program Files\JetBrains\IntelliJ IDEA 2023.2.5\jbr\bin\server

VM Arguments:
java_command: git4idea.http.GitAskPassApp Username for 'http://120.232.233.58:7002': 
java_class_path (initial): C:/Program Files/JetBrains/IntelliJ IDEA 2023.2.5/plugins/vcs-git/lib/git4idea-rt.jar;C:/Program Files/JetBrains/IntelliJ IDEA 2023.2.5/lib/externalProcess-rt.jar
Launcher Type: SUN_STANDARD

[Global flags]
     intx CICompilerCount                          = 4                                         {product} {ergonomic}
     uint ConcGCThreads                            = 2                                         {product} {ergonomic}
     uint G1ConcRefinementThreads                  = 8                                         {product} {ergonomic}
   size_t G1HeapRegionSize                         = 1048576                                   {product} {ergonomic}
    uintx GCDrainStackTargetSize                   = 64                                        {product} {ergonomic}
   size_t InitialHeapSize                          = 130023424                                 {product} {ergonomic}
   size_t MarkStackSize                            = 4194304                                   {product} {ergonomic}
   size_t MaxHeapSize                              = 2078277632                                {product} {ergonomic}
   size_t MinHeapDeltaBytes                        = 1048576                                   {product} {ergonomic}
   size_t MinHeapSize                              = 8388608                                   {product} {ergonomic}
    uintx NonNMethodCodeHeapSize                   = 5839372                                {pd product} {ergonomic}
    uintx NonProfiledCodeHeapSize                  = 122909434                              {pd product} {ergonomic}
    uintx ProfiledCodeHeapSize                     = 122909434                              {pd product} {ergonomic}
    uintx ReservedCodeCacheSize                    = 251658240                              {pd product} {ergonomic}
     bool SegmentedCodeCache                       = true                                      {product} {ergonomic}
   size_t SoftMaxHeapSize                          = 2078277632                             {manageable} {ergonomic}
     bool UseCompressedClassPointers               = true                           {product lp64_product} {ergonomic}
     bool UseCompressedOops                        = true                           {product lp64_product} {ergonomic}
     bool UseG1GC                                  = true                                      {product} {ergonomic}
     bool UseLargePagesIndividualAllocation        = false                                  {pd product} {ergonomic}

Logging:
Log output configuration:
 #0: stdout all=warning uptime,level,tags
 #1: stderr all=off uptime,level,tags

Environment Variables:
JAVA_HOME=C:\Program Files\Java\jdk1.8.0_361
CLASSPATH=.;C:\Program Files\Java\jdk1.8.0_361\lib\dt.jar;C:\Program Files\Java\jdk1.8.0_361\lib\tools.jar;
PATH=C:\Program Files\Git\mingw64\libexec\git-core;C:\Program Files\Git\mingw64\libexec\git-core;C:\Program Files\Git\mingw64\bin;C:\Program Files\Git\usr\bin;C:\Users\86187\bin;C:\Program Files\Python312\Scripts;C:\Program Files\Python312;C:\Program Files\Microsoft MPI\Bin;C:\Python3\Scripts;C:\Python3;C:\Program Files (x86)\VMware\VMware Workstation\bin;C:\WINDOWS\system32;C:\WINDOWS;C:\WINDOWS\System32\Wbem;C:\WINDOWS\System32\WindowsPowerShell\v1.0;C:\WINDOWS\System32\OpenSSH;C:\Users\86187\OneDrive\桌面\tool\微信web开发者工具\dll;m Files;otnet;C:\Program Files\MySQL\MySQL Workbench 8.0;C:\Program Files (x86)\WinSCP;C:\Program Files\CMake\bin;C:\Program Files\PuTTY;%MAVEN_HOME%\bin;C:\mysql-8.0.11-winx64\bin;C:\Users\86187\AppData\Roaming\npm\node_modules\yarn\bin;G:\cmder;F:\secureCRT;C:\Users\86187\weixin\微信web开发者工具\dll;C:\Pro;ram Files\Docker\Docker\resources\bin;C:\Program Files (x86)\Microsoft SQL Server\160\Tools\Binn;C:\Program Files\Microsoft SQL Server\160\Tools\Binn;C:\Program Files\Microsoft SQL Server\Client SDK\ODBC\170\Tools\Binn;C:\Program Files\Microsoft SQL Server\160\DTS\Binn;C:\Program Files (x86)\Microsoft SQL Server\160\DTS\Binn;C:\Program Files\Azure Data Studio\bin;C:\ProgramData\chocolatey\bin;C:\Program Files\nodejs;G:\gradle8.0\bin;C:\Program Files\Git\cmd;C:\Program Files\Java\jdk1.8.0_361\bin;C:\Program Files\Java\jdk1.8.0_361\jre\bin;E:\OpenSSL-Win64\bin;C:\Program Files\MySQL\MySQL Shell 8.0\bin;C:\Program Files (x86)\VMware\VMware Workstation\bin;C:\WINDOWS\system32;C:\WINDOWS;C:\WINDOWS\System32\Wbem;C:\WINDOWS\System32\WindowsPowerShell\v1.0;C:\WINDOWS\System32\OpenSSH;C:\Users\86187\OneDrive\桌面\tool\微信web开发者工具\dll;C:\wamp\php;C:\Users\86187\AppData\Local\Microsoft\WindowsApps;C:\Users\86187\.dotnet\tools;C:\Tomcat\apache-tomcat-8.5.83\bin;C:\Users\86187\bin;C:\MinGW\bin;G:\apache-maven-3.9.5\bin;C:\Program Files\JetBrains\IntelliJ IDEA 2023.2.5\bin;C:\mysql-8.0.11-winx64\bin;C:\Users\86187\AppData\Roaming\npm\node_m
USERNAME=86187
DISPLAY=:0.0
LC_ALL=en_US.UTF-8
TERM=xterm-256color
TMPDIR=C:\Users\86187\AppData\Local\Temp
OS=Windows_NT
PROCESSOR_IDENTIFIER=Intel64 Family 6 Model 140 Stepping 1, GenuineIntel
TMP=C:\Users\86187\AppData\Local\Temp
TEMP=C:\Users\86187\AppData\Local\Temp



Periodic native trim disabled

JNI global refs:
JNI global refs: 0, weak refs: 0

JNI global refs memory usage: 0, weak refs: 0

OOME stack traces (most recent first):
Classloader memory used:


---------------  S Y S T E M  ---------------

OS:
 Windows 10 , 64 bit Build 19041 (10.0.19041.3155)
OS uptime: 2 days 7:02 hours
Hyper-V role detected

CPU: total 8 (initial active 8) (4 cores per cpu, 2 threads per core) family 6 model 140 stepping 1 microcode 0xaa, cx8, cmov, fxsr, ht, mmx, 3dnowpref, sse, sse2, sse3, ssse3, sse4.1, sse4.2, popcnt, lzcnt, tsc, tscinvbit, avx, avx2, aes, erms, clmul, bmi1, bmi2, adx, avx512f, avx512dq, avx512cd, avx512bw, avx512vl, sha, fma, vzeroupper, avx512_vpopcntdq, avx512_vpclmulqdq, avx512_vaes, avx512_vnni, clflush, clflushopt, clwb, avx512_vbmi2, avx512_vbmi, hv
Processor Information for all 8 processors :
  Max Mhz: 2419, Current Mhz: 2419, Mhz Limit: 2419

Memory: 4k page, system-wide physical 7920M (322M free)
TotalPageFile size 32496M (AvailPageFile size 121M)
current process WorkingSet (physical memory assigned to process): 10M, peak: 10M
current process commit charge ("private bytes"): 60M, peak: 184M

vm_info: OpenJDK 64-Bit Server VM (17.0.9+7-b1000.46) for windows-amd64 JRE (17.0.9+7-b1000.46), built on 2023-10-27 by "builduser" with MS VC++ 16.10 / 16.11 (VS2019)

END.
